<?xml version="1.0" encoding="UTF-8"?>
<testsuite xmlns:xsi="http://www.w3.org/2001/XMLSchema-instance" xsi:noNamespaceSchemaLocation="https://maven.apache.org/surefire/maven-surefire-plugin/xsd/surefire-test-report.xsd" name="com.xoxo.AppTest" time="0.026" tests="1" errors="0" skipped="0" failures="0">
  <properties>
    <property name="sun.desktop" value="windows"/>
    <property name="awt.toolkit" value="sun.awt.windows.WToolkit"/>
    <property name="file.encoding.pkg" value="sun.io"/>
    <property name="java.specification.version" value="1.8"/>
    <property name="sun.cpu.isalist" value="amd64"/>
    <property name="sun.jnu.encoding" value="GBK"/>
    <property name="java.class.path" value="D:\work\ideaproject\gitproject\kafka-demo\common\target\test-classes;D:\work\ideaproject\gitproject\kafka-demo\common\target\classes;D:\work\apache-maven-3.3.9\repo\org\projectlombok\lombok\1.16.20\lombok-1.16.20.jar;D:\work\apache-maven-3.3.9\repo\org\springframework\boot\spring-boot-starter-test\2.0.0.RELEASE\spring-boot-starter-test-2.0.0.RELEASE.jar;D:\work\apache-maven-3.3.9\repo\org\springframework\boot\spring-boot-starter\2.0.0.RELEASE\spring-boot-starter-2.0.0.RELEASE.jar;D:\work\apache-maven-3.3.9\repo\org\springframework\boot\spring-boot\2.0.0.RELEASE\spring-boot-2.0.0.RELEASE.jar;D:\work\apache-maven-3.3.9\repo\org\springframework\spring-context\5.0.4.RELEASE\spring-context-5.0.4.RELEASE.jar;D:\work\apache-maven-3.3.9\repo\org\springframework\spring-aop\5.0.4.RELEASE\spring-aop-5.0.4.RELEASE.jar;D:\work\apache-maven-3.3.9\repo\org\springframework\spring-beans\5.0.4.RELEASE\spring-beans-5.0.4.RELEASE.jar;D:\work\apache-maven-3.3.9\repo\org\springframework\spring-expression\5.0.4.RELEASE\spring-expression-5.0.4.RELEASE.jar;D:\work\apache-maven-3.3.9\repo\org\springframework\boot\spring-boot-autoconfigure\2.0.0.RELEASE\spring-boot-autoconfigure-2.0.0.RELEASE.jar;D:\work\apache-maven-3.3.9\repo\org\springframework\boot\spring-boot-starter-logging\2.0.0.RELEASE\spring-boot-starter-logging-2.0.0.RELEASE.jar;D:\work\apache-maven-3.3.9\repo\ch\qos\logback\logback-classic\1.2.3\logback-classic-1.2.3.jar;D:\work\apache-maven-3.3.9\repo\ch\qos\logback\logback-core\1.2.3\logback-core-1.2.3.jar;D:\work\apache-maven-3.3.9\repo\org\apache\logging\log4j\log4j-to-slf4j\2.10.0\log4j-to-slf4j-2.10.0.jar;D:\work\apache-maven-3.3.9\repo\org\apache\logging\log4j\log4j-api\2.10.0\log4j-api-2.10.0.jar;D:\work\apache-maven-3.3.9\repo\org\slf4j\jul-to-slf4j\1.7.25\jul-to-slf4j-1.7.25.jar;D:\work\apache-maven-3.3.9\repo\javax\annotation\javax.annotation-api\1.3.2\javax.annotation-api-1.3.2.jar;D:\work\apache-maven-3.3.9\repo\org\yaml\snakeyaml\1.19\snakeyaml-1.19.jar;D:\work\apache-maven-3.3.9\repo\org\springframework\boot\spring-boot-test\2.0.0.RELEASE\spring-boot-test-2.0.0.RELEASE.jar;D:\work\apache-maven-3.3.9\repo\org\springframework\boot\spring-boot-test-autoconfigure\2.0.0.RELEASE\spring-boot-test-autoconfigure-2.0.0.RELEASE.jar;D:\work\apache-maven-3.3.9\repo\com\jayway\jsonpath\json-path\2.4.0\json-path-2.4.0.jar;D:\work\apache-maven-3.3.9\repo\net\minidev\json-smart\2.3\json-smart-2.3.jar;D:\work\apache-maven-3.3.9\repo\net\minidev\accessors-smart\1.2\accessors-smart-1.2.jar;D:\work\apache-maven-3.3.9\repo\org\ow2\asm\asm\5.0.4\asm-5.0.4.jar;D:\work\apache-maven-3.3.9\repo\org\slf4j\slf4j-api\1.7.25\slf4j-api-1.7.25.jar;D:\work\apache-maven-3.3.9\repo\junit\junit\4.12\junit-4.12.jar;D:\work\apache-maven-3.3.9\repo\org\assertj\assertj-core\3.9.1\assertj-core-3.9.1.jar;D:\work\apache-maven-3.3.9\repo\org\mockito\mockito-core\2.15.0\mockito-core-2.15.0.jar;D:\work\apache-maven-3.3.9\repo\net\bytebuddy\byte-buddy\1.7.10\byte-buddy-1.7.10.jar;D:\work\apache-maven-3.3.9\repo\net\bytebuddy\byte-buddy-agent\1.7.10\byte-buddy-agent-1.7.10.jar;D:\work\apache-maven-3.3.9\repo\org\objenesis\objenesis\2.6\objenesis-2.6.jar;D:\work\apache-maven-3.3.9\repo\org\hamcrest\hamcrest-core\1.3\hamcrest-core-1.3.jar;D:\work\apache-maven-3.3.9\repo\org\hamcrest\hamcrest-library\1.3\hamcrest-library-1.3.jar;D:\work\apache-maven-3.3.9\repo\org\skyscreamer\jsonassert\1.5.0\jsonassert-1.5.0.jar;D:\work\apache-maven-3.3.9\repo\com\vaadin\external\google\android-json\0.0.20131108.vaadin1\android-json-0.0.20131108.vaadin1.jar;D:\work\apache-maven-3.3.9\repo\org\springframework\spring-core\5.0.4.RELEASE\spring-core-5.0.4.RELEASE.jar;D:\work\apache-maven-3.3.9\repo\org\springframework\spring-jcl\5.0.4.RELEASE\spring-jcl-5.0.4.RELEASE.jar;D:\work\apache-maven-3.3.9\repo\org\springframework\spring-test\5.0.4.RELEASE\spring-test-5.0.4.RELEASE.jar;D:\work\apache-maven-3.3.9\repo\org\xmlunit\xmlunit-core\2.5.1\xmlunit-core-2.5.1.jar;"/>
    <property name="java.vm.vendor" value="Oracle Corporation"/>
    <property name="sun.arch.data.model" value="64"/>
    <property name="user.variant" value=""/>
    <property name="java.vendor.url" value="http://java.oracle.com/"/>
    <property name="user.timezone" value=""/>
    <property name="java.vm.specification.version" value="1.8"/>
    <property name="os.name" value="Windows 10"/>
    <property name="user.country" value="CN"/>
    <property name="sun.java.launcher" value="SUN_STANDARD"/>
    <property name="sun.boot.library.path" value="C:\Program Files\Java\jdk1.8.0_201\jre\bin"/>
    <property name="sun.java.command" value="C:\Users\a8932\AppData\Local\Temp\surefire1167962368436626416\surefirebooter4909113506865462440.jar C:\Users\a8932\AppData\Local\Temp\surefire1167962368436626416 2019-04-17T14-47-24_242-jvmRun1 surefire5046586081751818148tmp surefire_06267452189282421687tmp"/>
    <property name="surefire.test.class.path" value="D:\work\ideaproject\gitproject\kafka-demo\common\target\test-classes;D:\work\ideaproject\gitproject\kafka-demo\common\target\classes;D:\work\apache-maven-3.3.9\repo\org\projectlombok\lombok\1.16.20\lombok-1.16.20.jar;D:\work\apache-maven-3.3.9\repo\org\springframework\boot\spring-boot-starter-test\2.0.0.RELEASE\spring-boot-starter-test-2.0.0.RELEASE.jar;D:\work\apache-maven-3.3.9\repo\org\springframework\boot\spring-boot-starter\2.0.0.RELEASE\spring-boot-starter-2.0.0.RELEASE.jar;D:\work\apache-maven-3.3.9\repo\org\springframework\boot\spring-boot\2.0.0.RELEASE\spring-boot-2.0.0.RELEASE.jar;D:\work\apache-maven-3.3.9\repo\org\springframework\spring-context\5.0.4.RELEASE\spring-context-5.0.4.RELEASE.jar;D:\work\apache-maven-3.3.9\repo\org\springframework\spring-aop\5.0.4.RELEASE\spring-aop-5.0.4.RELEASE.jar;D:\work\apache-maven-3.3.9\repo\org\springframework\spring-beans\5.0.4.RELEASE\spring-beans-5.0.4.RELEASE.jar;D:\work\apache-maven-3.3.9\repo\org\springframework\spring-expression\5.0.4.RELEASE\spring-expression-5.0.4.RELEASE.jar;D:\work\apache-maven-3.3.9\repo\org\springframework\boot\spring-boot-autoconfigure\2.0.0.RELEASE\spring-boot-autoconfigure-2.0.0.RELEASE.jar;D:\work\apache-maven-3.3.9\repo\org\springframework\boot\spring-boot-starter-logging\2.0.0.RELEASE\spring-boot-starter-logging-2.0.0.RELEASE.jar;D:\work\apache-maven-3.3.9\repo\ch\qos\logback\logback-classic\1.2.3\logback-classic-1.2.3.jar;D:\work\apache-maven-3.3.9\repo\ch\qos\logback\logback-core\1.2.3\logback-core-1.2.3.jar;D:\work\apache-maven-3.3.9\repo\org\apache\logging\log4j\log4j-to-slf4j\2.10.0\log4j-to-slf4j-2.10.0.jar;D:\work\apache-maven-3.3.9\repo\org\apache\logging\log4j\log4j-api\2.10.0\log4j-api-2.10.0.jar;D:\work\apache-maven-3.3.9\repo\org\slf4j\jul-to-slf4j\1.7.25\jul-to-slf4j-1.7.25.jar;D:\work\apache-maven-3.3.9\repo\javax\annotation\javax.annotation-api\1.3.2\javax.annotation-api-1.3.2.jar;D:\work\apache-maven-3.3.9\repo\org\yaml\snakeyaml\1.19\snakeyaml-1.19.jar;D:\work\apache-maven-3.3.9\repo\org\springframework\boot\spring-boot-test\2.0.0.RELEASE\spring-boot-test-2.0.0.RELEASE.jar;D:\work\apache-maven-3.3.9\repo\org\springframework\boot\spring-boot-test-autoconfigure\2.0.0.RELEASE\spring-boot-test-autoconfigure-2.0.0.RELEASE.jar;D:\work\apache-maven-3.3.9\repo\com\jayway\jsonpath\json-path\2.4.0\json-path-2.4.0.jar;D:\work\apache-maven-3.3.9\repo\net\minidev\json-smart\2.3\json-smart-2.3.jar;D:\work\apache-maven-3.3.9\repo\net\minidev\accessors-smart\1.2\accessors-smart-1.2.jar;D:\work\apache-maven-3.3.9\repo\org\ow2\asm\asm\5.0.4\asm-5.0.4.jar;D:\work\apache-maven-3.3.9\repo\org\slf4j\slf4j-api\1.7.25\slf4j-api-1.7.25.jar;D:\work\apache-maven-3.3.9\repo\junit\junit\4.12\junit-4.12.jar;D:\work\apache-maven-3.3.9\repo\org\assertj\assertj-core\3.9.1\assertj-core-3.9.1.jar;D:\work\apache-maven-3.3.9\repo\org\mockito\mockito-core\2.15.0\mockito-core-2.15.0.jar;D:\work\apache-maven-3.3.9\repo\net\bytebuddy\byte-buddy\1.7.10\byte-buddy-1.7.10.jar;D:\work\apache-maven-3.3.9\repo\net\bytebuddy\byte-buddy-agent\1.7.10\byte-buddy-agent-1.7.10.jar;D:\work\apache-maven-3.3.9\repo\org\objenesis\objenesis\2.6\objenesis-2.6.jar;D:\work\apache-maven-3.3.9\repo\org\hamcrest\hamcrest-core\1.3\hamcrest-core-1.3.jar;D:\work\apache-maven-3.3.9\repo\org\hamcrest\hamcrest-library\1.3\hamcrest-library-1.3.jar;D:\work\apache-maven-3.3.9\repo\org\skyscreamer\jsonassert\1.5.0\jsonassert-1.5.0.jar;D:\work\apache-maven-3.3.9\repo\com\vaadin\external\google\android-json\0.0.20131108.vaadin1\android-json-0.0.20131108.vaadin1.jar;D:\work\apache-maven-3.3.9\repo\org\springframework\spring-core\5.0.4.RELEASE\spring-core-5.0.4.RELEASE.jar;D:\work\apache-maven-3.3.9\repo\org\springframework\spring-jcl\5.0.4.RELEASE\spring-jcl-5.0.4.RELEASE.jar;D:\work\apache-maven-3.3.9\repo\org\springframework\spring-test\5.0.4.RELEASE\spring-test-5.0.4.RELEASE.jar;D:\work\apache-maven-3.3.9\repo\org\xmlunit\xmlunit-core\2.5.1\xmlunit-core-2.5.1.jar;"/>
    <property name="sun.cpu.endian" value="little"/>
    <property name="user.home" value="C:\Users\a8932"/>
    <property name="user.language" value="zh"/>
    <property name="java.specification.vendor" value="Oracle Corporation"/>
    <property name="java.home" value="C:\Program Files\Java\jdk1.8.0_201\jre"/>
    <property name="basedir" value="D:\work\ideaproject\gitproject\kafka-demo\common"/>
    <property name="file.separator" value="\"/>
    <property name="line.separator" value="&#10;"/>
    <property name="java.vm.specification.vendor" value="Oracle Corporation"/>
    <property name="java.specification.name" value="Java Platform API Specification"/>
    <property name="java.awt.graphicsenv" value="sun.awt.Win32GraphicsEnvironment"/>
    <property name="surefire.real.class.path" value="C:\Users\a8932\AppData\Local\Temp\surefire1167962368436626416\surefirebooter4909113506865462440.jar"/>
    <property name="sun.boot.class.path" value="C:\Program Files\Java\jdk1.8.0_201\jre\lib\resources.jar;C:\Program Files\Java\jdk1.8.0_201\jre\lib\rt.jar;C:\Program Files\Java\jdk1.8.0_201\jre\lib\sunrsasign.jar;C:\Program Files\Java\jdk1.8.0_201\jre\lib\jsse.jar;C:\Program Files\Java\jdk1.8.0_201\jre\lib\jce.jar;C:\Program Files\Java\jdk1.8.0_201\jre\lib\charsets.jar;C:\Program Files\Java\jdk1.8.0_201\jre\lib\jfr.jar;C:\Program Files\Java\jdk1.8.0_201\jre\classes"/>
    <property name="user.script" value=""/>
    <property name="sun.management.compiler" value="HotSpot 64-Bit Tiered Compilers"/>
    <property name="java.runtime.version" value="1.8.0_201-b09"/>
    <property name="user.name" value="a8932"/>
    <property name="path.separator" value=";"/>
    <property name="os.version" value="10.0"/>
    <property name="java.endorsed.dirs" value="C:\Program Files\Java\jdk1.8.0_201\jre\lib\endorsed"/>
    <property name="java.runtime.name" value="Java(TM) SE Runtime Environment"/>
    <property name="file.encoding" value="GBK"/>
    <property name="java.vm.name" value="Java HotSpot(TM) 64-Bit Server VM"/>
    <property name="localRepository" value="D:\work\apache-maven-3.3.9\repo"/>
    <property name="java.vendor.url.bug" value="http://bugreport.sun.com/bugreport/"/>
    <property name="java.io.tmpdir" value="C:\Users\a8932\AppData\Local\Temp\"/>
    <property name="idea.version" value="2017.2.5"/>
    <property name="java.version" value="1.8.0_201"/>
    <property name="user.dir" value="D:\work\ideaproject\gitproject\kafka-demo\common"/>
    <property name="os.arch" value="amd64"/>
    <property name="java.vm.specification.name" value="Java Virtual Machine Specification"/>
    <property name="java.awt.printerjob" value="sun.awt.windows.WPrinterJob"/>
    <property name="sun.os.patch.level" value=""/>
    <property name="java.library.path" value="C:\Program Files\Java\jdk1.8.0_201\jre\bin;C:\Windows\Sun\Java\bin;C:\Windows\system32;C:\Windows;C:\Program Files (x86)\Common Files\Oracle\Java\javapath;C:\Program Files (x86)\Intel\Intel(R) Management Engine Components\iCLS\;C:\Program Files\Intel\Intel(R) Management Engine Components\iCLS\;C:\Windows\system32;C:\Windows;C:\Windows\System32\Wbem;C:\Windows\System32\WindowsPowerShell\v1.0\;C:\Windows\System32\OpenSSH\;C:\Program Files (x86)\NVIDIA Corporation\PhysX\Common;C:\Program Files (x86)\Intel\Intel(R) Management Engine Components\DAL;C:\Program Files\Intel\Intel(R) Management Engine Components\DAL;C:\Program Files\Intel\WiFi\bin\;C:\Program Files\Common Files\Intel\WirelessCommon\;C:\Program Files\Java\jdk1.8.0_201\bin;C:\Program Files\Java\jdk1.8.0_201\jre\bin;D:\util\Svn\bin;D:\work\apache-maven-3.3.9\bin;D:\util\Git\cmd;C:\Users\a8932\AppData\Local\Microsoft\WindowsApps;;."/>
    <property name="java.vm.info" value="mixed mode"/>
    <property name="java.vendor" value="Oracle Corporation"/>
    <property name="java.vm.version" value="25.201-b09"/>
    <property name="java.ext.dirs" value="C:\Program Files\Java\jdk1.8.0_201\jre\lib\ext;C:\Windows\Sun\Java\lib\ext"/>
    <property name="sun.io.unicode.encoding" value="UnicodeLittle"/>
    <property name="java.class.version" value="52.0"/>
  </properties>
  <testcase name="shouldAnswerWithTrue" classname="com.xoxo.AppTest" time="0.001"/>
</testsuite>