<?xml version="1.0" encoding="UTF-8"?>
<testsuite xmlns:xsi="http://www.w3.org/2001/XMLSchema-instance" xsi:noNamespaceSchemaLocation="https://maven.apache.org/surefire/maven-surefire-plugin/xsd/surefire-test-report.xsd" name="com.xoxo.kafka.KafkaServerApplicationTests" time="19.354" tests="1" errors="0" skipped="0" failures="0">
  <properties>
    <property name="sun.desktop" value="windows"/>
    <property name="awt.toolkit" value="sun.awt.windows.WToolkit"/>
    <property name="file.encoding.pkg" value="sun.io"/>
    <property name="java.specification.version" value="1.8"/>
    <property name="sun.cpu.isalist" value="amd64"/>
    <property name="sun.jnu.encoding" value="GBK"/>
    <property name="java.class.path" value="D:\work\ideaproject\gitproject\kafka-demo\server\target\test-classes;D:\work\ideaproject\gitproject\kafka-demo\server\target\classes;D:\work\ideaproject\gitproject\kafka-demo\client\target\kafka-client-0.0.1-SNAPSHOT.jar;D:\work\ideaproject\gitproject\kafka-demo\common\target\kafka-common-0.0.1-SNAPSHOT.jar;D:\work\apache-maven-3.3.9\repo\org\springframework\cloud\spring-cloud-starter-openfeign\2.0.2.RELEASE\spring-cloud-starter-openfeign-2.0.2.RELEASE.jar;D:\work\apache-maven-3.3.9\repo\org\springframework\cloud\spring-cloud-openfeign-core\2.0.2.RELEASE\spring-cloud-openfeign-core-2.0.2.RELEASE.jar;D:\work\apache-maven-3.3.9\repo\io\github\openfeign\form\feign-form-spring\3.3.0\feign-form-spring-3.3.0.jar;D:\work\apache-maven-3.3.9\repo\io\github\openfeign\form\feign-form\3.3.0\feign-form-3.3.0.jar;D:\work\apache-maven-3.3.9\repo\com\google\code\findbugs\annotations\3.0.1\annotations-3.0.1.jar;D:\work\apache-maven-3.3.9\repo\net\jcip\jcip-annotations\1.0\jcip-annotations-1.0.jar;D:\work\apache-maven-3.3.9\repo\com\google\code\findbugs\jsr305\3.0.1\jsr305-3.0.1.jar;D:\work\apache-maven-3.3.9\repo\commons-fileupload\commons-fileupload\1.3.3\commons-fileupload-1.3.3.jar;D:\work\apache-maven-3.3.9\repo\commons-io\commons-io\2.2\commons-io-2.2.jar;D:\work\apache-maven-3.3.9\repo\org\springframework\cloud\spring-cloud-commons\2.0.2.RELEASE\spring-cloud-commons-2.0.2.RELEASE.jar;D:\work\apache-maven-3.3.9\repo\org\springframework\security\spring-security-crypto\5.0.3.RELEASE\spring-security-crypto-5.0.3.RELEASE.jar;D:\work\apache-maven-3.3.9\repo\io\github\openfeign\feign-core\9.7.0\feign-core-9.7.0.jar;D:\work\apache-maven-3.3.9\repo\io\github\openfeign\feign-slf4j\9.7.0\feign-slf4j-9.7.0.jar;D:\work\apache-maven-3.3.9\repo\io\github\openfeign\feign-hystrix\9.7.0\feign-hystrix-9.7.0.jar;D:\work\apache-maven-3.3.9\repo\io\github\openfeign\feign-java8\9.7.0\feign-java8-9.7.0.jar;D:\work\apache-maven-3.3.9\repo\org\springframework\cloud\spring-cloud-stream\2.0.1.RELEASE\spring-cloud-stream-2.0.1.RELEASE.jar;D:\work\apache-maven-3.3.9\repo\org\springframework\boot\spring-boot-starter-validation\2.0.0.RELEASE\spring-boot-starter-validation-2.0.0.RELEASE.jar;D:\work\apache-maven-3.3.9\repo\org\apache\tomcat\embed\tomcat-embed-el\8.5.28\tomcat-embed-el-8.5.28.jar;D:\work\apache-maven-3.3.9\repo\org\springframework\spring-messaging\5.0.4.RELEASE\spring-messaging-5.0.4.RELEASE.jar;D:\work\apache-maven-3.3.9\repo\org\springframework\spring-beans\5.0.4.RELEASE\spring-beans-5.0.4.RELEASE.jar;D:\work\apache-maven-3.3.9\repo\org\springframework\integration\spring-integration-core\5.0.3.RELEASE\spring-integration-core-5.0.3.RELEASE.jar;D:\work\apache-maven-3.3.9\repo\org\springframework\spring-aop\5.0.4.RELEASE\spring-aop-5.0.4.RELEASE.jar;D:\work\apache-maven-3.3.9\repo\org\springframework\spring-context\5.0.4.RELEASE\spring-context-5.0.4.RELEASE.jar;D:\work\apache-maven-3.3.9\repo\org\springframework\spring-tx\5.0.4.RELEASE\spring-tx-5.0.4.RELEASE.jar;D:\work\apache-maven-3.3.9\repo\io\projectreactor\reactor-core\3.1.5.RELEASE\reactor-core-3.1.5.RELEASE.jar;D:\work\apache-maven-3.3.9\repo\org\reactivestreams\reactive-streams\1.0.2\reactive-streams-1.0.2.jar;D:\work\apache-maven-3.3.9\repo\io\micrometer\micrometer-core\1.0.1\micrometer-core-1.0.1.jar;D:\work\apache-maven-3.3.9\repo\org\latencyutils\LatencyUtils\2.0.3\LatencyUtils-2.0.3.jar;D:\work\apache-maven-3.3.9\repo\org\springframework\integration\spring-integration-jmx\5.0.3.RELEASE\spring-integration-jmx-5.0.3.RELEASE.jar;D:\work\apache-maven-3.3.9\repo\org\springframework\spring-tuple\1.0.0.RELEASE\spring-tuple-1.0.0.RELEASE.jar;D:\work\apache-maven-3.3.9\repo\com\esotericsoftware\kryo-shaded\3.0.3\kryo-shaded-3.0.3.jar;D:\work\apache-maven-3.3.9\repo\com\esotericsoftware\minlog\1.3.0\minlog-1.3.0.jar;D:\work\apache-maven-3.3.9\repo\com\fasterxml\jackson\core\jackson-databind\2.9.4\jackson-databind-2.9.4.jar;D:\work\apache-maven-3.3.9\repo\org\springframework\integration\spring-integration-tuple\1.0.0.RELEASE\spring-integration-tuple-1.0.0.RELEASE.jar;D:\work\apache-maven-3.3.9\repo\org\springframework\retry\spring-retry\1.2.2.RELEASE\spring-retry-1.2.2.RELEASE.jar;D:\work\apache-maven-3.3.9\repo\org\springframework\cloud\spring-cloud-stream-binder-kafka\2.0.1.RELEASE\spring-cloud-stream-binder-kafka-2.0.1.RELEASE.jar;D:\work\apache-maven-3.3.9\repo\org\springframework\cloud\spring-cloud-stream-binder-kafka-core\2.0.1.RELEASE\spring-cloud-stream-binder-kafka-core-2.0.1.RELEASE.jar;D:\work\apache-maven-3.3.9\repo\org\springframework\integration\spring-integration-kafka\3.0.3.RELEASE\spring-integration-kafka-3.0.3.RELEASE.jar;D:\work\apache-maven-3.3.9\repo\org\apache\kafka\kafka-clients\1.0.1\kafka-clients-1.0.1.jar;D:\work\apache-maven-3.3.9\repo\org\lz4\lz4-java\1.4\lz4-java-1.4.jar;D:\work\apache-maven-3.3.9\repo\org\xerial\snappy\snappy-java\1.1.4\snappy-java-1.1.4.jar;D:\work\apache-maven-3.3.9\repo\org\slf4j\slf4j-api\1.7.25\slf4j-api-1.7.25.jar;D:\work\apache-maven-3.3.9\repo\org\springframework\kafka\spring-kafka\2.1.4.RELEASE\spring-kafka-2.1.4.RELEASE.jar;D:\work\apache-maven-3.3.9\repo\org\springframework\boot\spring-boot-starter-web\2.0.0.RELEASE\spring-boot-starter-web-2.0.0.RELEASE.jar;D:\work\apache-maven-3.3.9\repo\org\springframework\boot\spring-boot-starter\2.0.0.RELEASE\spring-boot-starter-2.0.0.RELEASE.jar;D:\work\apache-maven-3.3.9\repo\org\springframework\boot\spring-boot\2.0.0.RELEASE\spring-boot-2.0.0.RELEASE.jar;D:\work\apache-maven-3.3.9\repo\org\springframework\boot\spring-boot-autoconfigure\2.0.0.RELEASE\spring-boot-autoconfigure-2.0.0.RELEASE.jar;D:\work\apache-maven-3.3.9\repo\org\springframework\boot\spring-boot-starter-logging\2.0.0.RELEASE\spring-boot-starter-logging-2.0.0.RELEASE.jar;D:\work\apache-maven-3.3.9\repo\ch\qos\logback\logback-classic\1.2.3\logback-classic-1.2.3.jar;D:\work\apache-maven-3.3.9\repo\ch\qos\logback\logback-core\1.2.3\logback-core-1.2.3.jar;D:\work\apache-maven-3.3.9\repo\org\apache\logging\log4j\log4j-to-slf4j\2.10.0\log4j-to-slf4j-2.10.0.jar;D:\work\apache-maven-3.3.9\repo\org\apache\logging\log4j\log4j-api\2.10.0\log4j-api-2.10.0.jar;D:\work\apache-maven-3.3.9\repo\org\slf4j\jul-to-slf4j\1.7.25\jul-to-slf4j-1.7.25.jar;D:\work\apache-maven-3.3.9\repo\javax\annotation\javax.annotation-api\1.3.2\javax.annotation-api-1.3.2.jar;D:\work\apache-maven-3.3.9\repo\org\yaml\snakeyaml\1.19\snakeyaml-1.19.jar;D:\work\apache-maven-3.3.9\repo\org\springframework\boot\spring-boot-starter-json\2.0.0.RELEASE\spring-boot-starter-json-2.0.0.RELEASE.jar;D:\work\apache-maven-3.3.9\repo\com\fasterxml\jackson\datatype\jackson-datatype-jdk8\2.9.4\jackson-datatype-jdk8-2.9.4.jar;D:\work\apache-maven-3.3.9\repo\com\fasterxml\jackson\datatype\jackson-datatype-jsr310\2.9.4\jackson-datatype-jsr310-2.9.4.jar;D:\work\apache-maven-3.3.9\repo\com\fasterxml\jackson\module\jackson-module-parameter-names\2.9.4\jackson-module-parameter-names-2.9.4.jar;D:\work\apache-maven-3.3.9\repo\org\springframework\boot\spring-boot-starter-tomcat\2.0.0.RELEASE\spring-boot-starter-tomcat-2.0.0.RELEASE.jar;D:\work\apache-maven-3.3.9\repo\org\apache\tomcat\embed\tomcat-embed-core\8.5.28\tomcat-embed-core-8.5.28.jar;D:\work\apache-maven-3.3.9\repo\org\apache\tomcat\embed\tomcat-embed-websocket\8.5.28\tomcat-embed-websocket-8.5.28.jar;D:\work\apache-maven-3.3.9\repo\org\hibernate\validator\hibernate-validator\6.0.7.Final\hibernate-validator-6.0.7.Final.jar;D:\work\apache-maven-3.3.9\repo\javax\validation\validation-api\2.0.1.Final\validation-api-2.0.1.Final.jar;D:\work\apache-maven-3.3.9\repo\org\jboss\logging\jboss-logging\3.3.2.Final\jboss-logging-3.3.2.Final.jar;D:\work\apache-maven-3.3.9\repo\com\fasterxml\classmate\1.3.4\classmate-1.3.4.jar;D:\work\apache-maven-3.3.9\repo\org\springframework\spring-web\5.0.4.RELEASE\spring-web-5.0.4.RELEASE.jar;D:\work\apache-maven-3.3.9\repo\org\springframework\spring-webmvc\5.0.4.RELEASE\spring-webmvc-5.0.4.RELEASE.jar;D:\work\apache-maven-3.3.9\repo\org\springframework\spring-expression\5.0.4.RELEASE\spring-expression-5.0.4.RELEASE.jar;D:\work\apache-maven-3.3.9\repo\org\springframework\cloud\spring-cloud-starter-netflix-eureka-client\2.0.2.RELEASE\spring-cloud-starter-netflix-eureka-client-2.0.2.RELEASE.jar;D:\work\apache-maven-3.3.9\repo\org\springframework\cloud\spring-cloud-starter\2.0.2.RELEASE\spring-cloud-starter-2.0.2.RELEASE.jar;D:\work\apache-maven-3.3.9\repo\org\springframework\cloud\spring-cloud-context\2.0.2.RELEASE\spring-cloud-context-2.0.2.RELEASE.jar;D:\work\apache-maven-3.3.9\repo\org\springframework\security\spring-security-rsa\1.0.7.RELEASE\spring-security-rsa-1.0.7.RELEASE.jar;D:\work\apache-maven-3.3.9\repo\org\bouncycastle\bcpkix-jdk15on\1.60\bcpkix-jdk15on-1.60.jar;D:\work\apache-maven-3.3.9\repo\org\bouncycastle\bcprov-jdk15on\1.60\bcprov-jdk15on-1.60.jar;D:\work\apache-maven-3.3.9\repo\org\springframework\cloud\spring-cloud-netflix-core\2.0.2.RELEASE\spring-cloud-netflix-core-2.0.2.RELEASE.jar;D:\work\apache-maven-3.3.9\repo\org\springframework\boot\spring-boot-starter-aop\2.0.0.RELEASE\spring-boot-starter-aop-2.0.0.RELEASE.jar;D:\work\apache-maven-3.3.9\repo\org\springframework\cloud\spring-cloud-netflix-eureka-client\2.0.2.RELEASE\spring-cloud-netflix-eureka-client-2.0.2.RELEASE.jar;D:\work\apache-maven-3.3.9\repo\com\netflix\eureka\eureka-client\1.9.3\eureka-client-1.9.3.jar;D:\work\apache-maven-3.3.9\repo\org\codehaus\jettison\jettison\1.3.7\jettison-1.3.7.jar;D:\work\apache-maven-3.3.9\repo\stax\stax-api\1.0.1\stax-api-1.0.1.jar;D:\work\apache-maven-3.3.9\repo\com\netflix\netflix-commons\netflix-eventbus\0.3.0\netflix-eventbus-0.3.0.jar;D:\work\apache-maven-3.3.9\repo\com\netflix\netflix-commons\netflix-infix\0.3.0\netflix-infix-0.3.0.jar;D:\work\apache-maven-3.3.9\repo\commons-jxpath\commons-jxpath\1.3\commons-jxpath-1.3.jar;D:\work\apache-maven-3.3.9\repo\joda-time\joda-time\2.9.9\joda-time-2.9.9.jar;D:\work\apache-maven-3.3.9\repo\org\antlr\antlr-runtime\3.4\antlr-runtime-3.4.jar;D:\work\apache-maven-3.3.9\repo\org\antlr\stringtemplate\3.2.1\stringtemplate-3.2.1.jar;D:\work\apache-maven-3.3.9\repo\antlr\antlr\2.7.7\antlr-2.7.7.jar;D:\work\apache-maven-3.3.9\repo\com\google\code\gson\gson\2.8.2\gson-2.8.2.jar;D:\work\apache-maven-3.3.9\repo\org\apache\commons\commons-math\2.2\commons-math-2.2.jar;D:\work\apache-maven-3.3.9\repo\com\netflix\archaius\archaius-core\0.7.6\archaius-core-0.7.6.jar;D:\work\apache-maven-3.3.9\repo\javax\ws\rs\jsr311-api\1.1.1\jsr311-api-1.1.1.jar;D:\work\apache-maven-3.3.9\repo\com\netflix\servo\servo-core\0.12.21\servo-core-0.12.21.jar;D:\work\apache-maven-3.3.9\repo\com\sun\jersey\jersey-core\1.19.1\jersey-core-1.19.1.jar;D:\work\apache-maven-3.3.9\repo\com\sun\jersey\jersey-client\1.19.1\jersey-client-1.19.1.jar;D:\work\apache-maven-3.3.9\repo\com\sun\jersey\contribs\jersey-apache-client4\1.19.1\jersey-apache-client4-1.19.1.jar;D:\work\apache-maven-3.3.9\repo\org\apache\httpcomponents\httpclient\4.5.5\httpclient-4.5.5.jar;D:\work\apache-maven-3.3.9\repo\org\apache\httpcomponents\httpcore\4.4.9\httpcore-4.4.9.jar;D:\work\apache-maven-3.3.9\repo\commons-codec\commons-codec\1.11\commons-codec-1.11.jar;D:\work\apache-maven-3.3.9\repo\com\google\inject\guice\4.1.0\guice-4.1.0.jar;D:\work\apache-maven-3.3.9\repo\javax\inject\javax.inject\1\javax.inject-1.jar;D:\work\apache-maven-3.3.9\repo\aopalliance\aopalliance\1.0\aopalliance-1.0.jar;D:\work\apache-maven-3.3.9\repo\com\github\vlsi\compactmap\compactmap\1.2.1\compactmap-1.2.1.jar;D:\work\apache-maven-3.3.9\repo\com\github\andrewoma\dexx\dexx-collections\0.2\dexx-collections-0.2.jar;D:\work\apache-maven-3.3.9\repo\com\fasterxml\jackson\core\jackson-annotations\2.9.0\jackson-annotations-2.9.0.jar;D:\work\apache-maven-3.3.9\repo\com\fasterxml\jackson\core\jackson-core\2.9.4\jackson-core-2.9.4.jar;D:\work\apache-maven-3.3.9\repo\com\netflix\eureka\eureka-core\1.9.3\eureka-core-1.9.3.jar;D:\work\apache-maven-3.3.9\repo\org\codehaus\woodstox\woodstox-core-asl\4.4.1\woodstox-core-asl-4.4.1.jar;D:\work\apache-maven-3.3.9\repo\javax\xml\stream\stax-api\1.0-2\stax-api-1.0-2.jar;D:\work\apache-maven-3.3.9\repo\org\codehaus\woodstox\stax2-api\3.1.4\stax2-api-3.1.4.jar;D:\work\apache-maven-3.3.9\repo\org\springframework\cloud\spring-cloud-starter-netflix-archaius\2.0.2.RELEASE\spring-cloud-starter-netflix-archaius-2.0.2.RELEASE.jar;D:\work\apache-maven-3.3.9\repo\org\springframework\cloud\spring-cloud-netflix-ribbon\2.0.2.RELEASE\spring-cloud-netflix-ribbon-2.0.2.RELEASE.jar;D:\work\apache-maven-3.3.9\repo\org\springframework\cloud\spring-cloud-netflix-archaius\2.0.2.RELEASE\spring-cloud-netflix-archaius-2.0.2.RELEASE.jar;D:\work\apache-maven-3.3.9\repo\commons-configuration\commons-configuration\1.8\commons-configuration-1.8.jar;D:\work\apache-maven-3.3.9\repo\commons-lang\commons-lang\2.6\commons-lang-2.6.jar;D:\work\apache-maven-3.3.9\repo\org\springframework\cloud\spring-cloud-starter-netflix-ribbon\2.0.2.RELEASE\spring-cloud-starter-netflix-ribbon-2.0.2.RELEASE.jar;D:\work\apache-maven-3.3.9\repo\com\netflix\ribbon\ribbon\2.2.5\ribbon-2.2.5.jar;D:\work\apache-maven-3.3.9\repo\com\netflix\ribbon\ribbon-transport\2.2.5\ribbon-transport-2.2.5.jar;D:\work\apache-maven-3.3.9\repo\io\reactivex\rxnetty-contexts\0.4.9\rxnetty-contexts-0.4.9.jar;D:\work\apache-maven-3.3.9\repo\io\reactivex\rxnetty-servo\0.4.9\rxnetty-servo-0.4.9.jar;D:\work\apache-maven-3.3.9\repo\io\reactivex\rxnetty\0.4.9\rxnetty-0.4.9.jar;D:\work\apache-maven-3.3.9\repo\com\netflix\ribbon\ribbon-core\2.2.5\ribbon-core-2.2.5.jar;D:\work\apache-maven-3.3.9\repo\com\netflix\ribbon\ribbon-httpclient\2.2.5\ribbon-httpclient-2.2.5.jar;D:\work\apache-maven-3.3.9\repo\commons-collections\commons-collections\3.2.2\commons-collections-3.2.2.jar;D:\work\apache-maven-3.3.9\repo\com\netflix\netflix-commons\netflix-commons-util\0.3.0\netflix-commons-util-0.3.0.jar;D:\work\apache-maven-3.3.9\repo\com\netflix\ribbon\ribbon-loadbalancer\2.2.5\ribbon-loadbalancer-2.2.5.jar;D:\work\apache-maven-3.3.9\repo\com\netflix\netflix-commons\netflix-statistics\0.1.1\netflix-statistics-0.1.1.jar;D:\work\apache-maven-3.3.9\repo\io\reactivex\rxjava\1.3.6\rxjava-1.3.6.jar;D:\work\apache-maven-3.3.9\repo\com\netflix\ribbon\ribbon-eureka\2.2.5\ribbon-eureka-2.2.5.jar;D:\work\apache-maven-3.3.9\repo\com\thoughtworks\xstream\xstream\1.4.10\xstream-1.4.10.jar;D:\work\apache-maven-3.3.9\repo\xmlpull\xmlpull\1.1.3.1\xmlpull-1.1.3.1.jar;D:\work\apache-maven-3.3.9\repo\xpp3\xpp3_min\1.1.4c\xpp3_min-1.1.4c.jar;D:\work\apache-maven-3.3.9\repo\com\netflix\hystrix\hystrix-javanica\1.5.12\hystrix-javanica-1.5.12.jar;D:\work\apache-maven-3.3.9\repo\org\apache\commons\commons-lang3\3.7\commons-lang3-3.7.jar;D:\work\apache-maven-3.3.9\repo\org\ow2\asm\asm\5.0.4\asm-5.0.4.jar;D:\work\apache-maven-3.3.9\repo\com\netflix\hystrix\hystrix-core\1.5.12\hystrix-core-1.5.12.jar;D:\work\apache-maven-3.3.9\repo\org\hdrhistogram\HdrHistogram\2.1.9\HdrHistogram-2.1.9.jar;D:\work\apache-maven-3.3.9\repo\org\aspectj\aspectjweaver\1.8.13\aspectjweaver-1.8.13.jar;D:\work\apache-maven-3.3.9\repo\com\google\guava\guava\15.0\guava-15.0.jar;D:\work\apache-maven-3.3.9\repo\org\projectlombok\lombok\1.16.20\lombok-1.16.20.jar;D:\work\apache-maven-3.3.9\repo\org\springframework\boot\spring-boot-starter-test\2.0.0.RELEASE\spring-boot-starter-test-2.0.0.RELEASE.jar;D:\work\apache-maven-3.3.9\repo\org\springframework\boot\spring-boot-test\2.0.0.RELEASE\spring-boot-test-2.0.0.RELEASE.jar;D:\work\apache-maven-3.3.9\repo\org\springframework\boot\spring-boot-test-autoconfigure\2.0.0.RELEASE\spring-boot-test-autoconfigure-2.0.0.RELEASE.jar;D:\work\apache-maven-3.3.9\repo\com\jayway\jsonpath\json-path\2.4.0\json-path-2.4.0.jar;D:\work\apache-maven-3.3.9\repo\net\minidev\json-smart\2.3\json-smart-2.3.jar;D:\work\apache-maven-3.3.9\repo\net\minidev\accessors-smart\1.2\accessors-smart-1.2.jar;D:\work\apache-maven-3.3.9\repo\junit\junit\4.12\junit-4.12.jar;D:\work\apache-maven-3.3.9\repo\org\assertj\assertj-core\3.9.1\assertj-core-3.9.1.jar;D:\work\apache-maven-3.3.9\repo\org\mockito\mockito-core\2.15.0\mockito-core-2.15.0.jar;D:\work\apache-maven-3.3.9\repo\net\bytebuddy\byte-buddy\1.7.10\byte-buddy-1.7.10.jar;D:\work\apache-maven-3.3.9\repo\net\bytebuddy\byte-buddy-agent\1.7.10\byte-buddy-agent-1.7.10.jar;D:\work\apache-maven-3.3.9\repo\org\objenesis\objenesis\2.6\objenesis-2.6.jar;D:\work\apache-maven-3.3.9\repo\org\hamcrest\hamcrest-core\1.3\hamcrest-core-1.3.jar;D:\work\apache-maven-3.3.9\repo\org\hamcrest\hamcrest-library\1.3\hamcrest-library-1.3.jar;D:\work\apache-maven-3.3.9\repo\org\skyscreamer\jsonassert\1.5.0\jsonassert-1.5.0.jar;D:\work\apache-maven-3.3.9\repo\com\vaadin\external\google\android-json\0.0.20131108.vaadin1\android-json-0.0.20131108.vaadin1.jar;D:\work\apache-maven-3.3.9\repo\org\springframework\spring-core\5.0.4.RELEASE\spring-core-5.0.4.RELEASE.jar;D:\work\apache-maven-3.3.9\repo\org\springframework\spring-jcl\5.0.4.RELEASE\spring-jcl-5.0.4.RELEASE.jar;D:\work\apache-maven-3.3.9\repo\org\springframework\spring-test\5.0.4.RELEASE\spring-test-5.0.4.RELEASE.jar;D:\work\apache-maven-3.3.9\repo\org\xmlunit\xmlunit-core\2.5.1\xmlunit-core-2.5.1.jar;"/>
    <property name="java.vm.vendor" value="Oracle Corporation"/>
    <property name="sun.arch.data.model" value="64"/>
    <property name="user.variant" value=""/>
    <property name="java.vendor.url" value="http://java.oracle.com/"/>
    <property name="user.timezone" value=""/>
    <property name="java.vm.specification.version" value="1.8"/>
    <property name="os.name" value="Windows 10"/>
    <property name="user.country" value="CN"/>
    <property name="sun.java.launcher" value="SUN_STANDARD"/>
    <property name="sun.boot.library.path" value="C:\Program Files\Java\jdk1.8.0_201\jre\bin"/>
    <property name="sun.java.command" value="C:\Users\a8932\AppData\Local\Temp\surefire317844184522453662\surefirebooter3897109972940887603.jar C:\Users\a8932\AppData\Local\Temp\surefire317844184522453662 2019-04-17T14-47-24_242-jvmRun1 surefire5614428505682936877tmp surefire_2737698768865220789tmp"/>
    <property name="surefire.test.class.path" value="D:\work\ideaproject\gitproject\kafka-demo\server\target\test-classes;D:\work\ideaproject\gitproject\kafka-demo\server\target\classes;D:\work\ideaproject\gitproject\kafka-demo\client\target\kafka-client-0.0.1-SNAPSHOT.jar;D:\work\ideaproject\gitproject\kafka-demo\common\target\kafka-common-0.0.1-SNAPSHOT.jar;D:\work\apache-maven-3.3.9\repo\org\springframework\cloud\spring-cloud-starter-openfeign\2.0.2.RELEASE\spring-cloud-starter-openfeign-2.0.2.RELEASE.jar;D:\work\apache-maven-3.3.9\repo\org\springframework\cloud\spring-cloud-openfeign-core\2.0.2.RELEASE\spring-cloud-openfeign-core-2.0.2.RELEASE.jar;D:\work\apache-maven-3.3.9\repo\io\github\openfeign\form\feign-form-spring\3.3.0\feign-form-spring-3.3.0.jar;D:\work\apache-maven-3.3.9\repo\io\github\openfeign\form\feign-form\3.3.0\feign-form-3.3.0.jar;D:\work\apache-maven-3.3.9\repo\com\google\code\findbugs\annotations\3.0.1\annotations-3.0.1.jar;D:\work\apache-maven-3.3.9\repo\net\jcip\jcip-annotations\1.0\jcip-annotations-1.0.jar;D:\work\apache-maven-3.3.9\repo\com\google\code\findbugs\jsr305\3.0.1\jsr305-3.0.1.jar;D:\work\apache-maven-3.3.9\repo\commons-fileupload\commons-fileupload\1.3.3\commons-fileupload-1.3.3.jar;D:\work\apache-maven-3.3.9\repo\commons-io\commons-io\2.2\commons-io-2.2.jar;D:\work\apache-maven-3.3.9\repo\org\springframework\cloud\spring-cloud-commons\2.0.2.RELEASE\spring-cloud-commons-2.0.2.RELEASE.jar;D:\work\apache-maven-3.3.9\repo\org\springframework\security\spring-security-crypto\5.0.3.RELEASE\spring-security-crypto-5.0.3.RELEASE.jar;D:\work\apache-maven-3.3.9\repo\io\github\openfeign\feign-core\9.7.0\feign-core-9.7.0.jar;D:\work\apache-maven-3.3.9\repo\io\github\openfeign\feign-slf4j\9.7.0\feign-slf4j-9.7.0.jar;D:\work\apache-maven-3.3.9\repo\io\github\openfeign\feign-hystrix\9.7.0\feign-hystrix-9.7.0.jar;D:\work\apache-maven-3.3.9\repo\io\github\openfeign\feign-java8\9.7.0\feign-java8-9.7.0.jar;D:\work\apache-maven-3.3.9\repo\org\springframework\cloud\spring-cloud-stream\2.0.1.RELEASE\spring-cloud-stream-2.0.1.RELEASE.jar;D:\work\apache-maven-3.3.9\repo\org\springframework\boot\spring-boot-starter-validation\2.0.0.RELEASE\spring-boot-starter-validation-2.0.0.RELEASE.jar;D:\work\apache-maven-3.3.9\repo\org\apache\tomcat\embed\tomcat-embed-el\8.5.28\tomcat-embed-el-8.5.28.jar;D:\work\apache-maven-3.3.9\repo\org\springframework\spring-messaging\5.0.4.RELEASE\spring-messaging-5.0.4.RELEASE.jar;D:\work\apache-maven-3.3.9\repo\org\springframework\spring-beans\5.0.4.RELEASE\spring-beans-5.0.4.RELEASE.jar;D:\work\apache-maven-3.3.9\repo\org\springframework\integration\spring-integration-core\5.0.3.RELEASE\spring-integration-core-5.0.3.RELEASE.jar;D:\work\apache-maven-3.3.9\repo\org\springframework\spring-aop\5.0.4.RELEASE\spring-aop-5.0.4.RELEASE.jar;D:\work\apache-maven-3.3.9\repo\org\springframework\spring-context\5.0.4.RELEASE\spring-context-5.0.4.RELEASE.jar;D:\work\apache-maven-3.3.9\repo\org\springframework\spring-tx\5.0.4.RELEASE\spring-tx-5.0.4.RELEASE.jar;D:\work\apache-maven-3.3.9\repo\io\projectreactor\reactor-core\3.1.5.RELEASE\reactor-core-3.1.5.RELEASE.jar;D:\work\apache-maven-3.3.9\repo\org\reactivestreams\reactive-streams\1.0.2\reactive-streams-1.0.2.jar;D:\work\apache-maven-3.3.9\repo\io\micrometer\micrometer-core\1.0.1\micrometer-core-1.0.1.jar;D:\work\apache-maven-3.3.9\repo\org\latencyutils\LatencyUtils\2.0.3\LatencyUtils-2.0.3.jar;D:\work\apache-maven-3.3.9\repo\org\springframework\integration\spring-integration-jmx\5.0.3.RELEASE\spring-integration-jmx-5.0.3.RELEASE.jar;D:\work\apache-maven-3.3.9\repo\org\springframework\spring-tuple\1.0.0.RELEASE\spring-tuple-1.0.0.RELEASE.jar;D:\work\apache-maven-3.3.9\repo\com\esotericsoftware\kryo-shaded\3.0.3\kryo-shaded-3.0.3.jar;D:\work\apache-maven-3.3.9\repo\com\esotericsoftware\minlog\1.3.0\minlog-1.3.0.jar;D:\work\apache-maven-3.3.9\repo\com\fasterxml\jackson\core\jackson-databind\2.9.4\jackson-databind-2.9.4.jar;D:\work\apache-maven-3.3.9\repo\org\springframework\integration\spring-integration-tuple\1.0.0.RELEASE\spring-integration-tuple-1.0.0.RELEASE.jar;D:\work\apache-maven-3.3.9\repo\org\springframework\retry\spring-retry\1.2.2.RELEASE\spring-retry-1.2.2.RELEASE.jar;D:\work\apache-maven-3.3.9\repo\org\springframework\cloud\spring-cloud-stream-binder-kafka\2.0.1.RELEASE\spring-cloud-stream-binder-kafka-2.0.1.RELEASE.jar;D:\work\apache-maven-3.3.9\repo\org\springframework\cloud\spring-cloud-stream-binder-kafka-core\2.0.1.RELEASE\spring-cloud-stream-binder-kafka-core-2.0.1.RELEASE.jar;D:\work\apache-maven-3.3.9\repo\org\springframework\integration\spring-integration-kafka\3.0.3.RELEASE\spring-integration-kafka-3.0.3.RELEASE.jar;D:\work\apache-maven-3.3.9\repo\org\apache\kafka\kafka-clients\1.0.1\kafka-clients-1.0.1.jar;D:\work\apache-maven-3.3.9\repo\org\lz4\lz4-java\1.4\lz4-java-1.4.jar;D:\work\apache-maven-3.3.9\repo\org\xerial\snappy\snappy-java\1.1.4\snappy-java-1.1.4.jar;D:\work\apache-maven-3.3.9\repo\org\slf4j\slf4j-api\1.7.25\slf4j-api-1.7.25.jar;D:\work\apache-maven-3.3.9\repo\org\springframework\kafka\spring-kafka\2.1.4.RELEASE\spring-kafka-2.1.4.RELEASE.jar;D:\work\apache-maven-3.3.9\repo\org\springframework\boot\spring-boot-starter-web\2.0.0.RELEASE\spring-boot-starter-web-2.0.0.RELEASE.jar;D:\work\apache-maven-3.3.9\repo\org\springframework\boot\spring-boot-starter\2.0.0.RELEASE\spring-boot-starter-2.0.0.RELEASE.jar;D:\work\apache-maven-3.3.9\repo\org\springframework\boot\spring-boot\2.0.0.RELEASE\spring-boot-2.0.0.RELEASE.jar;D:\work\apache-maven-3.3.9\repo\org\springframework\boot\spring-boot-autoconfigure\2.0.0.RELEASE\spring-boot-autoconfigure-2.0.0.RELEASE.jar;D:\work\apache-maven-3.3.9\repo\org\springframework\boot\spring-boot-starter-logging\2.0.0.RELEASE\spring-boot-starter-logging-2.0.0.RELEASE.jar;D:\work\apache-maven-3.3.9\repo\ch\qos\logback\logback-classic\1.2.3\logback-classic-1.2.3.jar;D:\work\apache-maven-3.3.9\repo\ch\qos\logback\logback-core\1.2.3\logback-core-1.2.3.jar;D:\work\apache-maven-3.3.9\repo\org\apache\logging\log4j\log4j-to-slf4j\2.10.0\log4j-to-slf4j-2.10.0.jar;D:\work\apache-maven-3.3.9\repo\org\apache\logging\log4j\log4j-api\2.10.0\log4j-api-2.10.0.jar;D:\work\apache-maven-3.3.9\repo\org\slf4j\jul-to-slf4j\1.7.25\jul-to-slf4j-1.7.25.jar;D:\work\apache-maven-3.3.9\repo\javax\annotation\javax.annotation-api\1.3.2\javax.annotation-api-1.3.2.jar;D:\work\apache-maven-3.3.9\repo\org\yaml\snakeyaml\1.19\snakeyaml-1.19.jar;D:\work\apache-maven-3.3.9\repo\org\springframework\boot\spring-boot-starter-json\2.0.0.RELEASE\spring-boot-starter-json-2.0.0.RELEASE.jar;D:\work\apache-maven-3.3.9\repo\com\fasterxml\jackson\datatype\jackson-datatype-jdk8\2.9.4\jackson-datatype-jdk8-2.9.4.jar;D:\work\apache-maven-3.3.9\repo\com\fasterxml\jackson\datatype\jackson-datatype-jsr310\2.9.4\jackson-datatype-jsr310-2.9.4.jar;D:\work\apache-maven-3.3.9\repo\com\fasterxml\jackson\module\jackson-module-parameter-names\2.9.4\jackson-module-parameter-names-2.9.4.jar;D:\work\apache-maven-3.3.9\repo\org\springframework\boot\spring-boot-starter-tomcat\2.0.0.RELEASE\spring-boot-starter-tomcat-2.0.0.RELEASE.jar;D:\work\apache-maven-3.3.9\repo\org\apache\tomcat\embed\tomcat-embed-core\8.5.28\tomcat-embed-core-8.5.28.jar;D:\work\apache-maven-3.3.9\repo\org\apache\tomcat\embed\tomcat-embed-websocket\8.5.28\tomcat-embed-websocket-8.5.28.jar;D:\work\apache-maven-3.3.9\repo\org\hibernate\validator\hibernate-validator\6.0.7.Final\hibernate-validator-6.0.7.Final.jar;D:\work\apache-maven-3.3.9\repo\javax\validation\validation-api\2.0.1.Final\validation-api-2.0.1.Final.jar;D:\work\apache-maven-3.3.9\repo\org\jboss\logging\jboss-logging\3.3.2.Final\jboss-logging-3.3.2.Final.jar;D:\work\apache-maven-3.3.9\repo\com\fasterxml\classmate\1.3.4\classmate-1.3.4.jar;D:\work\apache-maven-3.3.9\repo\org\springframework\spring-web\5.0.4.RELEASE\spring-web-5.0.4.RELEASE.jar;D:\work\apache-maven-3.3.9\repo\org\springframework\spring-webmvc\5.0.4.RELEASE\spring-webmvc-5.0.4.RELEASE.jar;D:\work\apache-maven-3.3.9\repo\org\springframework\spring-expression\5.0.4.RELEASE\spring-expression-5.0.4.RELEASE.jar;D:\work\apache-maven-3.3.9\repo\org\springframework\cloud\spring-cloud-starter-netflix-eureka-client\2.0.2.RELEASE\spring-cloud-starter-netflix-eureka-client-2.0.2.RELEASE.jar;D:\work\apache-maven-3.3.9\repo\org\springframework\cloud\spring-cloud-starter\2.0.2.RELEASE\spring-cloud-starter-2.0.2.RELEASE.jar;D:\work\apache-maven-3.3.9\repo\org\springframework\cloud\spring-cloud-context\2.0.2.RELEASE\spring-cloud-context-2.0.2.RELEASE.jar;D:\work\apache-maven-3.3.9\repo\org\springframework\security\spring-security-rsa\1.0.7.RELEASE\spring-security-rsa-1.0.7.RELEASE.jar;D:\work\apache-maven-3.3.9\repo\org\bouncycastle\bcpkix-jdk15on\1.60\bcpkix-jdk15on-1.60.jar;D:\work\apache-maven-3.3.9\repo\org\bouncycastle\bcprov-jdk15on\1.60\bcprov-jdk15on-1.60.jar;D:\work\apache-maven-3.3.9\repo\org\springframework\cloud\spring-cloud-netflix-core\2.0.2.RELEASE\spring-cloud-netflix-core-2.0.2.RELEASE.jar;D:\work\apache-maven-3.3.9\repo\org\springframework\boot\spring-boot-starter-aop\2.0.0.RELEASE\spring-boot-starter-aop-2.0.0.RELEASE.jar;D:\work\apache-maven-3.3.9\repo\org\springframework\cloud\spring-cloud-netflix-eureka-client\2.0.2.RELEASE\spring-cloud-netflix-eureka-client-2.0.2.RELEASE.jar;D:\work\apache-maven-3.3.9\repo\com\netflix\eureka\eureka-client\1.9.3\eureka-client-1.9.3.jar;D:\work\apache-maven-3.3.9\repo\org\codehaus\jettison\jettison\1.3.7\jettison-1.3.7.jar;D:\work\apache-maven-3.3.9\repo\stax\stax-api\1.0.1\stax-api-1.0.1.jar;D:\work\apache-maven-3.3.9\repo\com\netflix\netflix-commons\netflix-eventbus\0.3.0\netflix-eventbus-0.3.0.jar;D:\work\apache-maven-3.3.9\repo\com\netflix\netflix-commons\netflix-infix\0.3.0\netflix-infix-0.3.0.jar;D:\work\apache-maven-3.3.9\repo\commons-jxpath\commons-jxpath\1.3\commons-jxpath-1.3.jar;D:\work\apache-maven-3.3.9\repo\joda-time\joda-time\2.9.9\joda-time-2.9.9.jar;D:\work\apache-maven-3.3.9\repo\org\antlr\antlr-runtime\3.4\antlr-runtime-3.4.jar;D:\work\apache-maven-3.3.9\repo\org\antlr\stringtemplate\3.2.1\stringtemplate-3.2.1.jar;D:\work\apache-maven-3.3.9\repo\antlr\antlr\2.7.7\antlr-2.7.7.jar;D:\work\apache-maven-3.3.9\repo\com\google\code\gson\gson\2.8.2\gson-2.8.2.jar;D:\work\apache-maven-3.3.9\repo\org\apache\commons\commons-math\2.2\commons-math-2.2.jar;D:\work\apache-maven-3.3.9\repo\com\netflix\archaius\archaius-core\0.7.6\archaius-core-0.7.6.jar;D:\work\apache-maven-3.3.9\repo\javax\ws\rs\jsr311-api\1.1.1\jsr311-api-1.1.1.jar;D:\work\apache-maven-3.3.9\repo\com\netflix\servo\servo-core\0.12.21\servo-core-0.12.21.jar;D:\work\apache-maven-3.3.9\repo\com\sun\jersey\jersey-core\1.19.1\jersey-core-1.19.1.jar;D:\work\apache-maven-3.3.9\repo\com\sun\jersey\jersey-client\1.19.1\jersey-client-1.19.1.jar;D:\work\apache-maven-3.3.9\repo\com\sun\jersey\contribs\jersey-apache-client4\1.19.1\jersey-apache-client4-1.19.1.jar;D:\work\apache-maven-3.3.9\repo\org\apache\httpcomponents\httpclient\4.5.5\httpclient-4.5.5.jar;D:\work\apache-maven-3.3.9\repo\org\apache\httpcomponents\httpcore\4.4.9\httpcore-4.4.9.jar;D:\work\apache-maven-3.3.9\repo\commons-codec\commons-codec\1.11\commons-codec-1.11.jar;D:\work\apache-maven-3.3.9\repo\com\google\inject\guice\4.1.0\guice-4.1.0.jar;D:\work\apache-maven-3.3.9\repo\javax\inject\javax.inject\1\javax.inject-1.jar;D:\work\apache-maven-3.3.9\repo\aopalliance\aopalliance\1.0\aopalliance-1.0.jar;D:\work\apache-maven-3.3.9\repo\com\github\vlsi\compactmap\compactmap\1.2.1\compactmap-1.2.1.jar;D:\work\apache-maven-3.3.9\repo\com\github\andrewoma\dexx\dexx-collections\0.2\dexx-collections-0.2.jar;D:\work\apache-maven-3.3.9\repo\com\fasterxml\jackson\core\jackson-annotations\2.9.0\jackson-annotations-2.9.0.jar;D:\work\apache-maven-3.3.9\repo\com\fasterxml\jackson\core\jackson-core\2.9.4\jackson-core-2.9.4.jar;D:\work\apache-maven-3.3.9\repo\com\netflix\eureka\eureka-core\1.9.3\eureka-core-1.9.3.jar;D:\work\apache-maven-3.3.9\repo\org\codehaus\woodstox\woodstox-core-asl\4.4.1\woodstox-core-asl-4.4.1.jar;D:\work\apache-maven-3.3.9\repo\javax\xml\stream\stax-api\1.0-2\stax-api-1.0-2.jar;D:\work\apache-maven-3.3.9\repo\org\codehaus\woodstox\stax2-api\3.1.4\stax2-api-3.1.4.jar;D:\work\apache-maven-3.3.9\repo\org\springframework\cloud\spring-cloud-starter-netflix-archaius\2.0.2.RELEASE\spring-cloud-starter-netflix-archaius-2.0.2.RELEASE.jar;D:\work\apache-maven-3.3.9\repo\org\springframework\cloud\spring-cloud-netflix-ribbon\2.0.2.RELEASE\spring-cloud-netflix-ribbon-2.0.2.RELEASE.jar;D:\work\apache-maven-3.3.9\repo\org\springframework\cloud\spring-cloud-netflix-archaius\2.0.2.RELEASE\spring-cloud-netflix-archaius-2.0.2.RELEASE.jar;D:\work\apache-maven-3.3.9\repo\commons-configuration\commons-configuration\1.8\commons-configuration-1.8.jar;D:\work\apache-maven-3.3.9\repo\commons-lang\commons-lang\2.6\commons-lang-2.6.jar;D:\work\apache-maven-3.3.9\repo\org\springframework\cloud\spring-cloud-starter-netflix-ribbon\2.0.2.RELEASE\spring-cloud-starter-netflix-ribbon-2.0.2.RELEASE.jar;D:\work\apache-maven-3.3.9\repo\com\netflix\ribbon\ribbon\2.2.5\ribbon-2.2.5.jar;D:\work\apache-maven-3.3.9\repo\com\netflix\ribbon\ribbon-transport\2.2.5\ribbon-transport-2.2.5.jar;D:\work\apache-maven-3.3.9\repo\io\reactivex\rxnetty-contexts\0.4.9\rxnetty-contexts-0.4.9.jar;D:\work\apache-maven-3.3.9\repo\io\reactivex\rxnetty-servo\0.4.9\rxnetty-servo-0.4.9.jar;D:\work\apache-maven-3.3.9\repo\io\reactivex\rxnetty\0.4.9\rxnetty-0.4.9.jar;D:\work\apache-maven-3.3.9\repo\com\netflix\ribbon\ribbon-core\2.2.5\ribbon-core-2.2.5.jar;D:\work\apache-maven-3.3.9\repo\com\netflix\ribbon\ribbon-httpclient\2.2.5\ribbon-httpclient-2.2.5.jar;D:\work\apache-maven-3.3.9\repo\commons-collections\commons-collections\3.2.2\commons-collections-3.2.2.jar;D:\work\apache-maven-3.3.9\repo\com\netflix\netflix-commons\netflix-commons-util\0.3.0\netflix-commons-util-0.3.0.jar;D:\work\apache-maven-3.3.9\repo\com\netflix\ribbon\ribbon-loadbalancer\2.2.5\ribbon-loadbalancer-2.2.5.jar;D:\work\apache-maven-3.3.9\repo\com\netflix\netflix-commons\netflix-statistics\0.1.1\netflix-statistics-0.1.1.jar;D:\work\apache-maven-3.3.9\repo\io\reactivex\rxjava\1.3.6\rxjava-1.3.6.jar;D:\work\apache-maven-3.3.9\repo\com\netflix\ribbon\ribbon-eureka\2.2.5\ribbon-eureka-2.2.5.jar;D:\work\apache-maven-3.3.9\repo\com\thoughtworks\xstream\xstream\1.4.10\xstream-1.4.10.jar;D:\work\apache-maven-3.3.9\repo\xmlpull\xmlpull\1.1.3.1\xmlpull-1.1.3.1.jar;D:\work\apache-maven-3.3.9\repo\xpp3\xpp3_min\1.1.4c\xpp3_min-1.1.4c.jar;D:\work\apache-maven-3.3.9\repo\com\netflix\hystrix\hystrix-javanica\1.5.12\hystrix-javanica-1.5.12.jar;D:\work\apache-maven-3.3.9\repo\org\apache\commons\commons-lang3\3.7\commons-lang3-3.7.jar;D:\work\apache-maven-3.3.9\repo\org\ow2\asm\asm\5.0.4\asm-5.0.4.jar;D:\work\apache-maven-3.3.9\repo\com\netflix\hystrix\hystrix-core\1.5.12\hystrix-core-1.5.12.jar;D:\work\apache-maven-3.3.9\repo\org\hdrhistogram\HdrHistogram\2.1.9\HdrHistogram-2.1.9.jar;D:\work\apache-maven-3.3.9\repo\org\aspectj\aspectjweaver\1.8.13\aspectjweaver-1.8.13.jar;D:\work\apache-maven-3.3.9\repo\com\google\guava\guava\15.0\guava-15.0.jar;D:\work\apache-maven-3.3.9\repo\org\projectlombok\lombok\1.16.20\lombok-1.16.20.jar;D:\work\apache-maven-3.3.9\repo\org\springframework\boot\spring-boot-starter-test\2.0.0.RELEASE\spring-boot-starter-test-2.0.0.RELEASE.jar;D:\work\apache-maven-3.3.9\repo\org\springframework\boot\spring-boot-test\2.0.0.RELEASE\spring-boot-test-2.0.0.RELEASE.jar;D:\work\apache-maven-3.3.9\repo\org\springframework\boot\spring-boot-test-autoconfigure\2.0.0.RELEASE\spring-boot-test-autoconfigure-2.0.0.RELEASE.jar;D:\work\apache-maven-3.3.9\repo\com\jayway\jsonpath\json-path\2.4.0\json-path-2.4.0.jar;D:\work\apache-maven-3.3.9\repo\net\minidev\json-smart\2.3\json-smart-2.3.jar;D:\work\apache-maven-3.3.9\repo\net\minidev\accessors-smart\1.2\accessors-smart-1.2.jar;D:\work\apache-maven-3.3.9\repo\junit\junit\4.12\junit-4.12.jar;D:\work\apache-maven-3.3.9\repo\org\assertj\assertj-core\3.9.1\assertj-core-3.9.1.jar;D:\work\apache-maven-3.3.9\repo\org\mockito\mockito-core\2.15.0\mockito-core-2.15.0.jar;D:\work\apache-maven-3.3.9\repo\net\bytebuddy\byte-buddy\1.7.10\byte-buddy-1.7.10.jar;D:\work\apache-maven-3.3.9\repo\net\bytebuddy\byte-buddy-agent\1.7.10\byte-buddy-agent-1.7.10.jar;D:\work\apache-maven-3.3.9\repo\org\objenesis\objenesis\2.6\objenesis-2.6.jar;D:\work\apache-maven-3.3.9\repo\org\hamcrest\hamcrest-core\1.3\hamcrest-core-1.3.jar;D:\work\apache-maven-3.3.9\repo\org\hamcrest\hamcrest-library\1.3\hamcrest-library-1.3.jar;D:\work\apache-maven-3.3.9\repo\org\skyscreamer\jsonassert\1.5.0\jsonassert-1.5.0.jar;D:\work\apache-maven-3.3.9\repo\com\vaadin\external\google\android-json\0.0.20131108.vaadin1\android-json-0.0.20131108.vaadin1.jar;D:\work\apache-maven-3.3.9\repo\org\springframework\spring-core\5.0.4.RELEASE\spring-core-5.0.4.RELEASE.jar;D:\work\apache-maven-3.3.9\repo\org\springframework\spring-jcl\5.0.4.RELEASE\spring-jcl-5.0.4.RELEASE.jar;D:\work\apache-maven-3.3.9\repo\org\springframework\spring-test\5.0.4.RELEASE\spring-test-5.0.4.RELEASE.jar;D:\work\apache-maven-3.3.9\repo\org\xmlunit\xmlunit-core\2.5.1\xmlunit-core-2.5.1.jar;"/>
    <property name="sun.cpu.endian" value="little"/>
    <property name="user.home" value="C:\Users\a8932"/>
    <property name="user.language" value="zh"/>
    <property name="java.specification.vendor" value="Oracle Corporation"/>
    <property name="java.home" value="C:\Program Files\Java\jdk1.8.0_201\jre"/>
    <property name="basedir" value="D:\work\ideaproject\gitproject\kafka-demo\server"/>
    <property name="file.separator" value="\"/>
    <property name="line.separator" value="&#10;"/>
    <property name="java.vm.specification.vendor" value="Oracle Corporation"/>
    <property name="java.specification.name" value="Java Platform API Specification"/>
    <property name="java.awt.graphicsenv" value="sun.awt.Win32GraphicsEnvironment"/>
    <property name="surefire.real.class.path" value="C:\Users\a8932\AppData\Local\Temp\surefire317844184522453662\surefirebooter3897109972940887603.jar"/>
    <property name="sun.boot.class.path" value="C:\Program Files\Java\jdk1.8.0_201\jre\lib\resources.jar;C:\Program Files\Java\jdk1.8.0_201\jre\lib\rt.jar;C:\Program Files\Java\jdk1.8.0_201\jre\lib\sunrsasign.jar;C:\Program Files\Java\jdk1.8.0_201\jre\lib\jsse.jar;C:\Program Files\Java\jdk1.8.0_201\jre\lib\jce.jar;C:\Program Files\Java\jdk1.8.0_201\jre\lib\charsets.jar;C:\Program Files\Java\jdk1.8.0_201\jre\lib\jfr.jar;C:\Program Files\Java\jdk1.8.0_201\jre\classes"/>
    <property name="user.script" value=""/>
    <property name="sun.management.compiler" value="HotSpot 64-Bit Tiered Compilers"/>
    <property name="java.runtime.version" value="1.8.0_201-b09"/>
    <property name="user.name" value="a8932"/>
    <property name="path.separator" value=";"/>
    <property name="os.version" value="10.0"/>
    <property name="java.endorsed.dirs" value="C:\Program Files\Java\jdk1.8.0_201\jre\lib\endorsed"/>
    <property name="java.runtime.name" value="Java(TM) SE Runtime Environment"/>
    <property name="file.encoding" value="GBK"/>
    <property name="java.vm.name" value="Java HotSpot(TM) 64-Bit Server VM"/>
    <property name="localRepository" value="D:\work\apache-maven-3.3.9\repo"/>
    <property name="java.vendor.url.bug" value="http://bugreport.sun.com/bugreport/"/>
    <property name="java.io.tmpdir" value="C:\Users\a8932\AppData\Local\Temp\"/>
    <property name="idea.version" value="2017.2.5"/>
    <property name="java.version" value="1.8.0_201"/>
    <property name="user.dir" value="D:\work\ideaproject\gitproject\kafka-demo\server"/>
    <property name="os.arch" value="amd64"/>
    <property name="java.vm.specification.name" value="Java Virtual Machine Specification"/>
    <property name="java.awt.printerjob" value="sun.awt.windows.WPrinterJob"/>
    <property name="sun.os.patch.level" value=""/>
    <property name="java.library.path" value="C:\Program Files\Java\jdk1.8.0_201\jre\bin;C:\Windows\Sun\Java\bin;C:\Windows\system32;C:\Windows;C:\Program Files (x86)\Common Files\Oracle\Java\javapath;C:\Program Files (x86)\Intel\Intel(R) Management Engine Components\iCLS\;C:\Program Files\Intel\Intel(R) Management Engine Components\iCLS\;C:\Windows\system32;C:\Windows;C:\Windows\System32\Wbem;C:\Windows\System32\WindowsPowerShell\v1.0\;C:\Windows\System32\OpenSSH\;C:\Program Files (x86)\NVIDIA Corporation\PhysX\Common;C:\Program Files (x86)\Intel\Intel(R) Management Engine Components\DAL;C:\Program Files\Intel\Intel(R) Management Engine Components\DAL;C:\Program Files\Intel\WiFi\bin\;C:\Program Files\Common Files\Intel\WirelessCommon\;C:\Program Files\Java\jdk1.8.0_201\bin;C:\Program Files\Java\jdk1.8.0_201\jre\bin;D:\util\Svn\bin;D:\work\apache-maven-3.3.9\bin;D:\util\Git\cmd;C:\Users\a8932\AppData\Local\Microsoft\WindowsApps;;."/>
    <property name="java.vm.info" value="mixed mode"/>
    <property name="java.vendor" value="Oracle Corporation"/>
    <property name="java.vm.version" value="25.201-b09"/>
    <property name="java.ext.dirs" value="C:\Program Files\Java\jdk1.8.0_201\jre\lib\ext;C:\Windows\Sun\Java\lib\ext"/>
    <property name="sun.io.unicode.encoding" value="UnicodeLittle"/>
    <property name="java.class.version" value="52.0"/>
  </properties>
  <testcase name="contextLoads" classname="com.xoxo.kafka.KafkaServerApplicationTests" time="0.124"/>
</testsuite>